0 info it worked if it ends with ok
1 verbose cli [ '/usr/local/bin/node',
1 verbose cli   '/usr/local/bin/npm',
1 verbose cli   'run',
1 verbose cli   'dev-no-arduino' ]
2 info using npm@3.10.3
3 info using node@v6.4.0
4 verbose run-script [ 'predev-no-arduino', 'dev-no-arduino', 'postdev-no-arduino' ]
5 info lifecycle show-me-the-way@0.0.0~predev-no-arduino: show-me-the-way@0.0.0
6 silly lifecycle show-me-the-way@0.0.0~predev-no-arduino: no script for predev-no-arduino, continuing
7 info lifecycle show-me-the-way@0.0.0~dev-no-arduino: show-me-the-way@0.0.0
8 verbose lifecycle show-me-the-way@0.0.0~dev-no-arduino: unsafe-perm in lifecycle true
9 verbose lifecycle show-me-the-way@0.0.0~dev-no-arduino: PATH: /usr/local/lib/node_modules/npm/bin/node-gyp-bin:/Users/mferretti/Sites/show-me-the-plot/node_modules/.bin:/usr/local/bin:/Library/Frameworks/GDAL.framework/Versions/1.11/Programs/:/usr/local/bin:/usr/bin:/bin:/usr/sbin:/sbin:/Library/TeX/texbin:/Users/mferretti/anaconda/bin
10 verbose lifecycle show-me-the-way@0.0.0~dev-no-arduino: CWD: /Users/mferretti/Sites/show-me-the-plot
11 silly lifecycle show-me-the-way@0.0.0~dev-no-arduino: Args: [ '-c', 'npm run server-no-arduino && npm run watch' ]
12 silly lifecycle show-me-the-way@0.0.0~dev-no-arduino: Returned: code: 1  signal: null
13 info lifecycle show-me-the-way@0.0.0~dev-no-arduino: Failed to exec dev-no-arduino script
14 verbose stack Error: show-me-the-way@0.0.0 dev-no-arduino: `npm run server-no-arduino && npm run watch`
14 verbose stack Exit status 1
14 verbose stack     at EventEmitter.<anonymous> (/usr/local/lib/node_modules/npm/lib/utils/lifecycle.js:242:16)
14 verbose stack     at emitTwo (events.js:106:13)
14 verbose stack     at EventEmitter.emit (events.js:191:7)
14 verbose stack     at ChildProcess.<anonymous> (/usr/local/lib/node_modules/npm/lib/utils/spawn.js:40:14)
14 verbose stack     at emitTwo (events.js:106:13)
14 verbose stack     at ChildProcess.emit (events.js:191:7)
14 verbose stack     at maybeClose (internal/child_process.js:852:16)
14 verbose stack     at Process.ChildProcess._handle.onexit (internal/child_process.js:215:5)
15 verbose pkgid show-me-the-way@0.0.0
16 verbose cwd /Users/mferretti/Sites/show-me-the-plot
17 error Darwin 15.5.0
18 error argv "/usr/local/bin/node" "/usr/local/bin/npm" "run" "dev-no-arduino"
19 error node v6.4.0
20 error npm  v3.10.3
21 error code ELIFECYCLE
22 error show-me-the-way@0.0.0 dev-no-arduino: `npm run server-no-arduino && npm run watch`
22 error Exit status 1
23 error Failed at the show-me-the-way@0.0.0 dev-no-arduino script 'npm run server-no-arduino && npm run watch'.
23 error Make sure you have the latest version of node.js and npm installed.
23 error If you do, this is most likely a problem with the show-me-the-way package,
23 error not with npm itself.
23 error Tell the author that this fails on your system:
23 error     npm run server-no-arduino && npm run watch
23 error You can get information on how to open an issue for this project with:
23 error     npm bugs show-me-the-way
23 error Or if that isn't available, you can get their info via:
23 error     npm owner ls show-me-the-way
23 error There is likely additional logging output above.
24 verbose exit [ 1, true ]
